#
# There is insufficient memory for the Java Runtime Environment to continue.
# Native memory allocation (malloc) failed to allocate 1032608 bytes. Error detail: Chunk::new
# Possible reasons:
#   The system is out of physical RAM or swap space
#   This process is running with CompressedOops enabled, and the Java Heap may be blocking the growth of the native heap
# Possible solutions:
#   Reduce memory load on the system
#   Increase physical memory or swap space
#   Check if swap backing store is full
#   Decrease Java heap size (-Xmx/-Xms)
#   Decrease number of Java threads
#   Decrease Java thread stack sizes (-Xss)
#   Set larger code cache with -XX:ReservedCodeCacheSize=
#   JVM is running with Unscaled Compressed Oops mode in which the Java heap is
#     placed in the first 4GB address space. The Java Heap base address is the
#     maximum limit for the native heap growth. Please use -XX:HeapBaseMinAddress
#     to set the Java Heap base and to place the Java Heap above 4GB virtual address.
# This output file may be truncated or incomplete.
#
#  Out of Memory Error (arena.cpp:168), pid=9248, tid=18948
#
# JRE version: OpenJDK Runtime Environment Temurin-21.0.6+7 (21.0.6+7) (build 21.0.6+7-LTS)
# Java VM: OpenJDK 64-Bit Server VM Temurin-21.0.6+7 (21.0.6+7-LTS, mixed mode, sharing, tiered, compressed oops, compressed class ptrs, parallel gc, windows-amd64)
# No core dump will be written. Minidumps are not enabled by default on client versions of Windows
#

---------------  S U M M A R Y ------------

Command Line: --add-modules=ALL-SYSTEM --add-opens=java.base/java.util=ALL-UNNAMED --add-opens=java.base/java.lang=ALL-UNNAMED --add-opens=java.base/sun.nio.fs=ALL-UNNAMED -Declipse.application=org.eclipse.jdt.ls.core.id1 -Dosgi.bundles.defaultStartLevel=4 -Declipse.product=org.eclipse.jdt.ls.core.product -Djava.import.generatesMetadataFilesAtProjectRoot=false -DDetectVMInstallationsJob.disabled=true -Dfile.encoding=utf8 -XX:+UseParallelGC -XX:GCTimeRatio=4 -XX:AdaptiveSizePolicyWeight=90 -Dsun.zip.disableMemoryMapping=true -Xmx1G -Xms100m -Xlog:disable -javaagent:c:\Users\rohan\.vscode\extensions\redhat.java-1.41.1-win32-x64\lombok\lombok-1.18.36.jar -XX:+HeapDumpOnOutOfMemoryError -XX:HeapDumpPath=c:\Users\rohan\AppData\Roaming\Code\User\workspaceStorage\cb06cb6f73a13baed36c3337526f97d1\redhat.java -Daether.dependencyCollector.impl=bf c:\Users\rohan\.vscode\extensions\redhat.java-1.41.1-win32-x64\server\plugins\org.eclipse.equinox.launcher_1.7.0.v20250331-1702.jar -configuration c:\Users\rohan\AppData\Roaming\Code\User\globalStorage\redhat.java\1.41.1\config_win -data c:\Users\rohan\AppData\Roaming\Code\User\workspaceStorage\cb06cb6f73a13baed36c3337526f97d1\redhat.java\jdt_ws --pipe=\\.\pipe\lsp-4f126972128c0172335a4fdc04f32ff5-sock

Host: 12th Gen Intel(R) Core(TM) i5-1235U, 12 cores, 7G,  Windows 11 , 64 bit Build 26100 (10.0.26100.3775)
Time: Thu Apr 17 12:29:23 2025 India Standard Time elapsed time: 15.025062 seconds (0d 0h 0m 15s)

---------------  T H R E A D  ---------------

Current thread (0x000001e46c4a08f0):  JavaThread "C2 CompilerThread1" daemon [_thread_in_native, id=18948, stack(0x000000a092d00000,0x000000a092e00000) (1024K)]


Current CompileTask:
C2:15025 11433       4       org.codehaus.plexus.interpolation.reflection.ReflectionValueExtractor::evaluate (242 bytes)

Stack: [0x000000a092d00000,0x000000a092e00000]
Native frames: (J=compiled Java code, j=interpreted, Vv=VM code, C=native code)
V  [jvm.dll+0x6cdee9]
V  [jvm.dll+0x8a83d1]
V  [jvm.dll+0x8aa8fe]
V  [jvm.dll+0x8aafe3]
V  [jvm.dll+0x27f706]
V  [jvm.dll+0xc500d]
V  [jvm.dll+0xc5543]
V  [jvm.dll+0x3b678c]
V  [jvm.dll+0x1e0009]
V  [jvm.dll+0x247b42]
V  [jvm.dll+0x246fcf]
V  [jvm.dll+0x1c75ee]
V  [jvm.dll+0x25685a]
V  [jvm.dll+0x254dfa]
V  [jvm.dll+0x3f0256]
V  [jvm.dll+0x851f8b]
V  [jvm.dll+0x6cc5ed]
C  [ucrtbase.dll+0x37b0]
C  [KERNEL32.DLL+0x2e8d7]
C  [ntdll.dll+0xb14fc]


---------------  P R O C E S S  ---------------

Threads class SMR info:
_java_thread_list=0x000001e4679f28d0, length=78, elements={
0x000001e40fc79540, 0x000001e4670e44b0, 0x000001e4651fc210, 0x000001e4651fdfc0,
0x000001e4670e5f60, 0x000001e4670ef2f0, 0x000001e4670f72d0, 0x000001e467104450,
0x000001e467106ce0, 0x000001e4670f6c40, 0x000001e4670f8680, 0x000001e4670f7960,
0x000001e4670f93a0, 0x000001e4670f7ff0, 0x000001e4670f8d10, 0x000001e4670f9a30,
0x000001e4670f65b0, 0x000001e46c308400, 0x000001e46c3097b0, 0x000001e46c307050,
0x000001e46c3076e0, 0x000001e46c4a08f0, 0x000001e46d8523b0, 0x000001e46c308a90,
0x000001e46c309120, 0x000001e46c30a4d0, 0x000001e46c307d70, 0x000001e46fc6a7f0,
0x000001e46fc69440, 0x000001e46fc69ad0, 0x000001e46fc68db0, 0x000001e46fc67370,
0x000001e46fc67a00, 0x000001e46fc6b510, 0x000001e46fc6a160, 0x000001e46fc6ae80,
0x000001e46fc68090, 0x000001e46fc68720, 0x000001e46fc6e300, 0x000001e46fc6c8c0,
0x000001e46fc6bba0, 0x000001e46fc6e990, 0x000001e46fc6cf50, 0x000001e46fc6dc70,
0x000001e46fc6c230, 0x000001e46e6bedf0, 0x000001e46e6bb970, 0x000001e46e6be0d0,
0x000001e46e6bc690, 0x000001e46e6bf480, 0x000001e46e6bc000, 0x000001e46e6bcd20,
0x000001e46e6bfb10, 0x000001e46e6bd3b0, 0x000001e46e6c1550, 0x000001e46e6c01a0,
0x000001e46e6c1be0, 0x000001e46e6c0ec0, 0x000001e46e6c2900, 0x000001e46e6c2270,
0x000001e46e6c2f90, 0x000001e46ed0b440, 0x000001e46ed0c7f0, 0x000001e46ed0bad0,
0x000001e46ed0c160, 0x000001e46ed0ce80, 0x000001e46ed0a720, 0x000001e46ed0dba0,
0x000001e46ed0adb0, 0x000001e46ed0f5e0, 0x000001e46ed10990, 0x000001e46ed0e8c0,
0x000001e46ed116b0, 0x000001e46ed0fc70, 0x000001e46ed11020, 0x000001e46ed0ef50,
0x000001e46ed10300, 0x000001e46c309e40
}

Java Threads: ( => current thread )
  0x000001e40fc79540 JavaThread "main"                              [_thread_blocked, id=12548, stack(0x000000a090b00000,0x000000a090c00000) (1024K)]
  0x000001e4670e44b0 JavaThread "Reference Handler"          daemon [_thread_blocked, id=10288, stack(0x000000a090f00000,0x000000a091000000) (1024K)]
  0x000001e4651fc210 JavaThread "Finalizer"                  daemon [_thread_blocked, id=25024, stack(0x000000a091000000,0x000000a091100000) (1024K)]
  0x000001e4651fdfc0 JavaThread "Signal Dispatcher"          daemon [_thread_blocked, id=17296, stack(0x000000a091100000,0x000000a091200000) (1024K)]
  0x000001e4670e5f60 JavaThread "Attach Listener"            daemon [_thread_blocked, id=19604, stack(0x000000a091200000,0x000000a091300000) (1024K)]
  0x000001e4670ef2f0 JavaThread "Service Thread"             daemon [_thread_blocked, id=25536, stack(0x000000a091300000,0x000000a091400000) (1024K)]
  0x000001e4670f72d0 JavaThread "Monitor Deflation Thread"   daemon [_thread_blocked, id=8568, stack(0x000000a091400000,0x000000a091500000) (1024K)]
  0x000001e467104450 JavaThread "C2 CompilerThread0"         daemon [_thread_in_native, id=6188, stack(0x000000a091500000,0x000000a091600000) (1024K)]
  0x000001e467106ce0 JavaThread "C1 CompilerThread0"         daemon [_thread_blocked, id=25336, stack(0x000000a091600000,0x000000a091700000) (1024K)]
  0x000001e4670f6c40 JavaThread "Common-Cleaner"             daemon [_thread_blocked, id=17536, stack(0x000000a091700000,0x000000a091800000) (1024K)]
  0x000001e4670f8680 JavaThread "Notification Thread"        daemon [_thread_blocked, id=19464, stack(0x000000a091900000,0x000000a091a00000) (1024K)]
  0x000001e4670f7960 JavaThread "Active Thread: Equinox Container: 9b4eb7ca-b462-4c6e-bb55-139bd7726180"        [_thread_blocked, id=24444, stack(0x000000a092100000,0x000000a092200000) (1024K)]
  0x000001e4670f93a0 JavaThread "Refresh Thread: Equinox Container: 9b4eb7ca-b462-4c6e-bb55-139bd7726180" daemon [_thread_blocked, id=2360, stack(0x000000a092200000,0x000000a092300000) (1024K)]
  0x000001e4670f7ff0 JavaThread "Framework Event Dispatcher: Equinox Container: 9b4eb7ca-b462-4c6e-bb55-139bd7726180" daemon [_thread_blocked, id=12880, stack(0x000000a092400000,0x000000a092500000) (1024K)]
  0x000001e4670f8d10 JavaThread "Start Level: Equinox Container: 9b4eb7ca-b462-4c6e-bb55-139bd7726180" daemon [_thread_blocked, id=24152, stack(0x000000a092500000,0x000000a092600000) (1024K)]
  0x000001e4670f9a30 JavaThread "Bundle File Closer"         daemon [_thread_blocked, id=23192, stack(0x000000a092600000,0x000000a092700000) (1024K)]
  0x000001e4670f65b0 JavaThread "SCR Component Actor"        daemon [_thread_blocked, id=8988, stack(0x000000a091a00000,0x000000a091b00000) (1024K)]
  0x000001e46c308400 JavaThread "Worker-JM"                         [_thread_blocked, id=10704, stack(0x000000a092a00000,0x000000a092b00000) (1024K)]
  0x000001e46c3097b0 JavaThread "JNA Cleaner"                daemon [_thread_blocked, id=23828, stack(0x000000a092900000,0x000000a092a00000) (1024K)]
  0x000001e46c307050 JavaThread "Worker-0: Java indexing... "        [_thread_blocked, id=1116, stack(0x000000a092b00000,0x000000a092c00000) (1024K)]
  0x000001e46c3076e0 JavaThread "Worker-1: Building"                [_thread_blocked, id=13700, stack(0x000000a092c00000,0x000000a092d00000) (1024K)]
=>0x000001e46c4a08f0 JavaThread "C2 CompilerThread1"         daemon [_thread_in_native, id=18948, stack(0x000000a092d00000,0x000000a092e00000) (1024K)]
  0x000001e46d8523b0 JavaThread "C2 CompilerThread2"         daemon [_thread_blocked, id=6484, stack(0x000000a092e00000,0x000000a092f00000) (1024K)]
  0x000001e46c308a90 JavaThread "Java indexing"              daemon [_thread_blocked, id=17288, stack(0x000000a092f00000,0x000000a093000000) (1024K)]
  0x000001e46c309120 JavaThread "Worker-2"                          [_thread_blocked, id=18720, stack(0x000000a093200000,0x000000a093300000) (1024K)]
  0x000001e46c30a4d0 JavaThread "Worker-3"                          [_thread_blocked, id=11004, stack(0x000000a093300000,0x000000a093400000) (1024K)]
  0x000001e46c307d70 JavaThread "Thread-2"                   daemon [_thread_in_native, id=22372, stack(0x000000a093400000,0x000000a093500000) (1024K)]
  0x000001e46fc6a7f0 JavaThread "Thread-3"                   daemon [_thread_in_native, id=4576, stack(0x000000a093500000,0x000000a093600000) (1024K)]
  0x000001e46fc69440 JavaThread "Thread-4"                   daemon [_thread_in_native, id=9448, stack(0x000000a093600000,0x000000a093700000) (1024K)]
  0x000001e46fc69ad0 JavaThread "Thread-5"                   daemon [_thread_in_native, id=19712, stack(0x000000a093700000,0x000000a093800000) (1024K)]
  0x000001e46fc68db0 JavaThread "Thread-6"                   daemon [_thread_in_native, id=22256, stack(0x000000a093800000,0x000000a093900000) (1024K)]
  0x000001e46fc67370 JavaThread "Thread-7"                   daemon [_thread_in_native, id=14004, stack(0x000000a093900000,0x000000a093a00000) (1024K)]
  0x000001e46fc67a00 JavaThread "Thread-8"                   daemon [_thread_in_native, id=10260, stack(0x000000a093a00000,0x000000a093b00000) (1024K)]
  0x000001e46fc6b510 JavaThread "Thread-9"                   daemon [_thread_in_native, id=12684, stack(0x000000a093b00000,0x000000a093c00000) (1024K)]
  0x000001e46fc6a160 JavaThread "Thread-10"                  daemon [_thread_in_native, id=7388, stack(0x000000a093c00000,0x000000a093d00000) (1024K)]
  0x000001e46fc6ae80 JavaThread "Thread-11"                  daemon [_thread_in_native, id=13988, stack(0x000000a093d00000,0x000000a093e00000) (1024K)]
  0x000001e46fc68090 JavaThread "Thread-12"                  daemon [_thread_in_native, id=24804, stack(0x000000a093e00000,0x000000a093f00000) (1024K)]
  0x000001e46fc68720 JavaThread "Thread-13"                  daemon [_thread_in_native, id=1180, stack(0x000000a093f00000,0x000000a094000000) (1024K)]
  0x000001e46fc6e300 JavaThread "Thread-14"                  daemon [_thread_in_native, id=21776, stack(0x000000a094000000,0x000000a094100000) (1024K)]
  0x000001e46fc6c8c0 JavaThread "pool-2-thread-1"                   [_thread_blocked, id=10072, stack(0x000000a094100000,0x000000a094200000) (1024K)]
  0x000001e46fc6bba0 JavaThread "Worker-4"                          [_thread_blocked, id=22368, stack(0x000000a094200000,0x000000a094300000) (1024K)]
  0x000001e46fc6e990 JavaThread "WorkspaceEventsHandler"            [_thread_blocked, id=10632, stack(0x000000a094300000,0x000000a094400000) (1024K)]
  0x000001e46fc6cf50 JavaThread "pool-1-thread-1"                   [_thread_blocked, id=2564, stack(0x000000a094400000,0x000000a094500000) (1024K)]
  0x000001e46fc6dc70 JavaThread "Worker-5"                          [_thread_blocked, id=3188, stack(0x000000a094500000,0x000000a094600000) (1024K)]
  0x000001e46fc6c230 JavaThread "Worker-6"                          [_thread_blocked, id=16556, stack(0x000000a094600000,0x000000a094700000) (1024K)]
  0x000001e46e6bedf0 JavaThread "LocalFile Deleter"          daemon [_thread_blocked, id=11448, stack(0x000000a094700000,0x000000a094800000) (1024K)]
  0x000001e46e6bb970 JavaThread "LocalFile Deleter"          daemon [_thread_blocked, id=17956, stack(0x000000a094800000,0x000000a094900000) (1024K)]
  0x000001e46e6be0d0 JavaThread "LocalFile Deleter"          daemon [_thread_blocked, id=23252, stack(0x000000a094900000,0x000000a094a00000) (1024K)]
  0x000001e46e6bc690 JavaThread "LocalFile Deleter"          daemon [_thread_blocked, id=19644, stack(0x000000a094a00000,0x000000a094b00000) (1024K)]
  0x000001e46e6bf480 JavaThread "LocalFile Deleter"          daemon [_thread_blocked, id=520, stack(0x000000a094b00000,0x000000a094c00000) (1024K)]
  0x000001e46e6bc000 JavaThread "LocalFile Deleter"          daemon [_thread_blocked, id=20116, stack(0x000000a094c00000,0x000000a094d00000) (1024K)]
  0x000001e46e6bcd20 JavaThread "LocalFile Deleter"          daemon [_thread_blocked, id=17132, stack(0x000000a094d00000,0x000000a094e00000) (1024K)]
  0x000001e46e6bfb10 JavaThread "LocalFile Deleter"          daemon [_thread_blocked, id=15320, stack(0x000000a094e00000,0x000000a094f00000) (1024K)]
  0x000001e46e6bd3b0 JavaThread "LocalFile Deleter"          daemon [_thread_blocked, id=15792, stack(0x000000a094f00000,0x000000a095000000) (1024K)]
  0x000001e46e6c1550 JavaThread "LocalFile Deleter"          daemon [_thread_blocked, id=16000, stack(0x000000a095000000,0x000000a095100000) (1024K)]
  0x000001e46e6c01a0 JavaThread "LocalFile Deleter"          daemon [_thread_blocked, id=8240, stack(0x000000a095100000,0x000000a095200000) (1024K)]
  0x000001e46e6c1be0 JavaThread "LocalFile Deleter"          daemon [_thread_blocked, id=5128, stack(0x000000a095200000,0x000000a095300000) (1024K)]
  0x000001e46e6c0ec0 JavaThread "Compiler Source File Reader" daemon [_thread_blocked, id=21128, stack(0x000000a095300000,0x000000a095400000) (1024K)]
  0x000001e46e6c2900 JavaThread "Compiler Source File Reader" daemon [_thread_blocked, id=15380, stack(0x000000a095400000,0x000000a095500000) (1024K)]
  0x000001e46e6c2270 JavaThread "Compiler Source File Reader" daemon [_thread_blocked, id=17232, stack(0x000000a095500000,0x000000a095600000) (1024K)]
  0x000001e46e6c2f90 JavaThread "Compiler Source File Reader" daemon [_thread_blocked, id=10996, stack(0x000000a095600000,0x000000a095700000) (1024K)]
  0x000001e46ed0b440 JavaThread "Compiler Source File Reader" daemon [_thread_blocked, id=17060, stack(0x000000a095700000,0x000000a095800000) (1024K)]
  0x000001e46ed0c7f0 JavaThread "Compiler Source File Reader" daemon [_thread_blocked, id=19932, stack(0x000000a095800000,0x000000a095900000) (1024K)]
  0x000001e46ed0bad0 JavaThread "Compiler Source File Reader" daemon [_thread_blocked, id=12560, stack(0x000000a095900000,0x000000a095a00000) (1024K)]
  0x000001e46ed0c160 JavaThread "Compiler Source File Reader" daemon [_thread_blocked, id=4380, stack(0x000000a095a00000,0x000000a095b00000) (1024K)]
  0x000001e46ed0ce80 JavaThread "Compiler Source File Reader" daemon [_thread_blocked, id=17236, stack(0x000000a095b00000,0x000000a095c00000) (1024K)]
  0x000001e46ed0a720 JavaThread "Compiler Source File Reader" daemon [_thread_blocked, id=10436, stack(0x000000a095c00000,0x000000a095d00000) (1024K)]
  0x000001e46ed0dba0 JavaThread "Compiler Processing Task"   daemon [_thread_blocked, id=14288, stack(0x000000a091800000,0x000000a091900000) (1024K)]
  0x000001e46ed0adb0 JavaThread "Compiler Class File Writer" daemon [_thread_blocked, id=16336, stack(0x000000a095d00000,0x000000a095e00000) (1024K)]
  0x000001e46ed0f5e0 JavaThread "Compiler Class File Writer" daemon [_thread_blocked, id=10812, stack(0x000000a095e00000,0x000000a095f00000) (1024K)]
  0x000001e46ed10990 JavaThread "Compiler Class File Writer" daemon [_thread_blocked, id=12160, stack(0x000000a095f00000,0x000000a096000000) (1024K)]
  0x000001e46ed0e8c0 JavaThread "Compiler Class File Writer" daemon [_thread_blocked, id=12852, stack(0x000000a096000000,0x000000a096100000) (1024K)]
  0x000001e46ed116b0 JavaThread "Compiler Class File Writer" daemon [_thread_blocked, id=18804, stack(0x000000a096100000,0x000000a096200000) (1024K)]
  0x000001e46ed0fc70 JavaThread "Compiler Class File Writer" daemon [_thread_blocked, id=19564, stack(0x000000a096200000,0x000000a096300000) (1024K)]
  0x000001e46ed11020 JavaThread "Compiler Class File Writer" daemon [_thread_blocked, id=25256, stack(0x000000a096300000,0x000000a096400000) (1024K)]
  0x000001e46ed0ef50 JavaThread "Compiler Class File Writer" daemon [_thread_blocked, id=4412, stack(0x000000a096400000,0x000000a096500000) (1024K)]
  0x000001e46ed10300 JavaThread "Compiler Class File Writer" daemon [_thread_blocked, id=14784, stack(0x000000a096500000,0x000000a096600000) (1024K)]
  0x000001e46c309e40 JavaThread "Compiler Class File Writer" daemon [_thread_blocked, id=11256, stack(0x000000a096600000,0x000000a096700000) (1024K)]
Total: 78

Other Threads:
  0x000001e4651e4930 VMThread "VM Thread"                           [id=2192, stack(0x000000a090e00000,0x000000a090f00000) (1024K)]
  0x000001e4650dca00 WatcherThread "VM Periodic Task Thread"        [id=3640, stack(0x000000a090d00000,0x000000a090e00000) (1024K)]
  0x000001e40fc98d10 WorkerThread "GC Thread#0"                     [id=4328, stack(0x000000a090c00000,0x000000a090d00000) (1024K)]
  0x000001e4674aae20 WorkerThread "GC Thread#1"                     [id=11220, stack(0x000000a091b00000,0x000000a091c00000) (1024K)]
  0x000001e4674ab1c0 WorkerThread "GC Thread#2"                     [id=24432, stack(0x000000a091c00000,0x000000a091d00000) (1024K)]
  0x000001e4678bbe30 WorkerThread "GC Thread#3"                     [id=10304, stack(0x000000a091d00000,0x000000a091e00000) (1024K)]
  0x000001e4678bc1d0 WorkerThread "GC Thread#4"                     [id=3532, stack(0x000000a091e00000,0x000000a091f00000) (1024K)]
  0x000001e46759b320 WorkerThread "GC Thread#5"                     [id=17632, stack(0x000000a091f00000,0x000000a092000000) (1024K)]
  0x000001e46759b6c0 WorkerThread "GC Thread#6"                     [id=22812, stack(0x000000a092000000,0x000000a092100000) (1024K)]
  0x000001e467cba710 WorkerThread "GC Thread#7"                     [id=21068, stack(0x000000a092300000,0x000000a092400000) (1024K)]
  0x000001e46c35d400 WorkerThread "GC Thread#8"                     [id=16220, stack(0x000000a092700000,0x000000a092800000) (1024K)]
  0x000001e46c35ccc0 WorkerThread "GC Thread#9"                     [id=13120, stack(0x000000a092800000,0x000000a092900000) (1024K)]
Total: 12

Threads with active compile tasks:
C2 CompilerThread0  15080 10930   !   4       org.eclipse.osgi.internal.loader.classpath.ClasspathManager::defineClass (636 bytes)
C1 CompilerThread0  15080 11582       3       org.eclipse.jdt.internal.core.search.indexing.BinaryIndexer::addPairValue (141 bytes)
C2 CompilerThread1  15080 11433       4       org.codehaus.plexus.interpolation.reflection.ReflectionValueExtractor::evaluate (242 bytes)
C2 CompilerThread2  15080 11578       4       org.eclipse.jdt.internal.core.search.matching.TypeDeclarationPattern::createIndexKey (300 bytes)
Total: 4

VM state: at safepoint (normal execution)

VM Mutex/Monitor currently owned by a thread:  ([mutex/lock_event])
[0x00007fff9c40e380] Threads_lock - owner thread: 0x000001e4651e4930
[0x00007fff9c40e480] Heap_lock - owner thread: 0x000001e46c308a90

Heap address: 0x00000000c0000000, size: 1024 MB, Compressed Oops mode: 32-bit

CDS archive(s) mapped at: [0x000001e424000000-0x000001e424ba0000-0x000001e424ba0000), size 12189696, SharedBaseAddress: 0x000001e424000000, ArchiveRelocationMode: 1.
Compressed class space mapped at: 0x000001e425000000-0x000001e465000000, reserved size: 1073741824
Narrow klass base: 0x000001e424000000, Narrow klass shift: 0, Narrow klass range: 0x100000000

GC Precious Log:
 CardTable entry size: 512
 CPUs: 12 total, 12 available
 Memory: 7886M
 Large Page Support: Disabled
 NUMA Support: Disabled
 Compressed Oops: Enabled (32-bit)
 Alignments: Space 512K, Generation 512K, Heap 2M
 Heap Min Capacity: 100M
 Heap Initial Capacity: 100M
 Heap Max Capacity: 1G
 Pre-touch: Disabled
 Parallel Workers: 10

Heap:
 PSYoungGen      total 3584K, used 3200K [0x00000000eab00000, 0x00000000eaf80000, 0x0000000100000000)
  eden space 2560K, 100% used [0x00000000eab00000,0x00000000ead80000,0x00000000ead80000)
  from space 1024K, 62% used [0x00000000ead80000,0x00000000eae20000,0x00000000eae80000)
  to   space 1024K, 75% used [0x00000000eae80000,0x00000000eaf40000,0x00000000eaf80000)
 ParOldGen       total 261632K, used 261151K [0x00000000c0000000, 0x00000000cff80000, 0x00000000eab00000)
  object space 261632K, 99% used [0x00000000c0000000,0x00000000cff07ce0,0x00000000cff80000)
 Metaspace       used 61177K, committed 62656K, reserved 1114112K
  class space    used 6207K, committed 6912K, reserved 1048576K

Card table byte_map: [0x000001e40f630000,0x000001e40f840000] _byte_map_base: 0x000001e40f030000

Marking Bits: (ParMarkBitMap*) 0x00007fff9c413260
 Begin Bits: [0x000001e421e70000, 0x000001e422e70000)
 End Bits:   [0x000001e422e70000, 0x000001e423e70000)

Polling page: 0x000001e40dc70000

Metaspace:

Usage:
  Non-class:     53.68 MB used.
      Class:      6.06 MB used.
       Both:     59.74 MB used.

Virtual space:
  Non-class space:       64.00 MB reserved,      54.44 MB ( 85%) committed,  1 nodes.
      Class space:        1.00 GB reserved,       6.75 MB ( <1%) committed,  1 nodes.
             Both:        1.06 GB reserved,      61.19 MB (  6%) committed. 

Chunk freelists:
   Non-Class:  9.31 MB
       Class:  9.30 MB
        Both:  18.61 MB

MaxMetaspaceSize: unlimited
CompressedClassSpaceSize: 1.00 GB
Initial GC threshold: 21.00 MB
Current GC threshold: 97.31 MB
CDS: on
 - commit_granule_bytes: 65536.
 - commit_granule_words: 8192.
 - virtual_space_node_default_size: 8388608.
 - enlarge_chunks_in_place: 1.
 - use_allocation_guard: 0.


Internal statistics:

num_allocs_failed_limit: 9.
num_arena_births: 1206.
num_arena_deaths: 14.
num_vsnodes_births: 2.
num_vsnodes_deaths: 0.
num_space_committed: 979.
num_space_uncommitted: 0.
num_chunks_returned_to_freelist: 23.
num_chunks_taken_from_freelist: 4089.
num_chunk_merges: 15.
num_chunk_splits: 2533.
num_chunks_enlarged: 1433.
num_inconsistent_stats: 0.

CodeHeap 'non-profiled nmethods': size=120000Kb used=7527Kb max_used=7527Kb free=112472Kb
 bounds [0x000001e41a940000, 0x000001e41b0a0000, 0x000001e421e70000]
CodeHeap 'profiled nmethods': size=120000Kb used=24862Kb max_used=24862Kb free=95137Kb
 bounds [0x000001e412e70000, 0x000001e4146c0000, 0x000001e41a3a0000]
CodeHeap 'non-nmethods': size=5760Kb used=1417Kb max_used=1519Kb free=4342Kb
 bounds [0x000001e41a3a0000, 0x000001e41a610000, 0x000001e41a940000]
 total_blobs=11497 nmethods=10770 adapters=632
 compilation: enabled
              stopped_count=0, restarted_count=0
 full_count=0

Compilation events (20 events):
Event: 14.989 Thread 0x000001e467106ce0 11569   !   3       sun.nio.ch.FileChannelImpl::lock (361 bytes)
Event: 14.991 Thread 0x000001e467106ce0 nmethod 11569 0x000001e4146ae990 code [0x000001e4146aedc0, 0x000001e4146b04d8]
Event: 14.991 Thread 0x000001e467106ce0 11571       3       org.eclipse.aether.internal.impl.SimpleLocalRepositoryManager::getRepositoryKey (176 bytes)
Event: 14.992 Thread 0x000001e467106ce0 nmethod 11571 0x000001e4146b1190 code [0x000001e4146b1540, 0x000001e4146b2ba8]
Event: 14.992 Thread 0x000001e467106ce0 11572       3       org.eclipse.aether.RepositoryEvent$Builder::setExceptions (21 bytes)
Event: 14.993 Thread 0x000001e467106ce0 nmethod 11572 0x000001e4146b3390 code [0x000001e4146b3540, 0x000001e4146b3728]
Event: 14.993 Thread 0x000001e467106ce0 11573       3       org.eclipse.aether.resolution.ArtifactResult::setRepository (7 bytes)
Event: 14.993 Thread 0x000001e467106ce0 nmethod 11573 0x000001e4146b3810 code [0x000001e4146b39a0, 0x000001e4146b3ac8]
Event: 14.993 Thread 0x000001e467106ce0 11574       3       org.eclipse.aether.resolution.ArtifactResult::setArtifact (7 bytes)
Event: 14.993 Thread 0x000001e467106ce0 nmethod 11574 0x000001e4146b3b90 code [0x000001e4146b3d20, 0x000001e4146b3e48]
Event: 14.993 Thread 0x000001e467106ce0 11575       3       org.eclipse.aether.AbstractForwardingRepositorySystemSession::getCache (10 bytes)
Event: 14.994 Thread 0x000001e467106ce0 nmethod 11575 0x000001e4146b3f10 code [0x000001e4146b40c0, 0x000001e4146b4288]
Event: 14.997 Thread 0x000001e467106ce0 11576       3       org.eclipse.aether.AbstractForwardingRepositorySystemSession::getLocalRepository (10 bytes)
Event: 14.997 Thread 0x000001e467106ce0 nmethod 11576 0x000001e4146b4390 code [0x000001e4146b4560, 0x000001e4146b48b8]
Event: 15.002 Thread 0x000001e467106ce0 11577       3       org.eclipse.jdt.internal.core.search.indexing.AbstractIndexer::addDefaultConstructorDeclaration (21 bytes)
Event: 15.003 Thread 0x000001e467106ce0 nmethod 11577 0x000001e4146b4a10 code [0x000001e4146b4c40, 0x000001e4146b52f8]
Event: 15.015 Thread 0x000001e467106ce0 11579       3       org.eclipse.jdt.internal.compiler.classfmt.ClassFileReader::decodeAnnotations (252 bytes)
Event: 15.016 Thread 0x000001e467106ce0 nmethod 11579 0x000001e4146b5610 code [0x000001e4146b5860, 0x000001e4146b6790]
Event: 15.018 Thread 0x000001e467106ce0 11580       3       org.eclipse.jdt.internal.compiler.classfmt.AnnotationInfo::scanElementValue (256 bytes)
Event: 15.021 Thread 0x000001e467106ce0 nmethod 11580 0x000001e4146b6b90 code [0x000001e4146b6dc0, 0x000001e4146b7808]

GC Heap History (20 events):
Event: 14.876 GC heap before
{Heap before GC invocations=377 (full 3):
 PSYoungGen      total 3584K, used 3349K [0x00000000eab00000, 0x00000000eaf80000, 0x0000000100000000)
  eden space 2560K, 100% used [0x00000000eab00000,0x00000000ead80000,0x00000000ead80000)
  from space 1024K, 77% used [0x00000000ead80000,0x00000000eae45618,0x00000000eae80000)
  to   space 1024K, 0% used [0x00000000eae80000,0x00000000eae80000,0x00000000eaf80000)
 ParOldGen       total 254976K, used 254825K [0x00000000c0000000, 0x00000000cf900000, 0x00000000eab00000)
  object space 254976K, 99% used [0x00000000c0000000,0x00000000cf8da478,0x00000000cf900000)
 Metaspace       used 61134K, committed 62592K, reserved 1114112K
  class space    used 6207K, committed 6912K, reserved 1048576K
}
Event: 14.878 GC heap after
{Heap after GC invocations=377 (full 3):
 PSYoungGen      total 3584K, used 728K [0x00000000eab00000, 0x00000000eaf80000, 0x0000000100000000)
  eden space 2560K, 0% used [0x00000000eab00000,0x00000000eab00000,0x00000000ead80000)
  from space 1024K, 71% used [0x00000000eae80000,0x00000000eaf362f8,0x00000000eaf80000)
  to   space 1024K, 0% used [0x00000000ead80000,0x00000000ead80000,0x00000000eae80000)
 ParOldGen       total 255488K, used 255437K [0x00000000c0000000, 0x00000000cf980000, 0x00000000eab00000)
  object space 255488K, 99% used [0x00000000c0000000,0x00000000cf973438,0x00000000cf980000)
 Metaspace       used 61134K, committed 62592K, reserved 1114112K
  class space    used 6207K, committed 6912K, reserved 1048576K
}
Event: 14.885 GC heap before
{Heap before GC invocations=378 (full 3):
 PSYoungGen      total 3584K, used 3288K [0x00000000eab00000, 0x00000000eaf80000, 0x0000000100000000)
  eden space 2560K, 100% used [0x00000000eab00000,0x00000000ead80000,0x00000000ead80000)
  from space 1024K, 71% used [0x00000000eae80000,0x00000000eaf362f8,0x00000000eaf80000)
  to   space 1024K, 0% used [0x00000000ead80000,0x00000000ead80000,0x00000000eae80000)
 ParOldGen       total 255488K, used 255437K [0x00000000c0000000, 0x00000000cf980000, 0x00000000eab00000)
  object space 255488K, 99% used [0x00000000c0000000,0x00000000cf973438,0x00000000cf980000)
 Metaspace       used 61134K, committed 62592K, reserved 1114112K
  class space    used 6207K, committed 6912K, reserved 1048576K
}
Event: 14.887 GC heap after
{Heap after GC invocations=378 (full 3):
 PSYoungGen      total 3584K, used 728K [0x00000000eab00000, 0x00000000eaf80000, 0x0000000100000000)
  eden space 2560K, 0% used [0x00000000eab00000,0x00000000eab00000,0x00000000ead80000)
  from space 1024K, 71% used [0x00000000ead80000,0x00000000eae361c0,0x00000000eae80000)
  to   space 1024K, 0% used [0x00000000eae80000,0x00000000eae80000,0x00000000eaf80000)
 ParOldGen       total 256512K, used 256067K [0x00000000c0000000, 0x00000000cfa80000, 0x00000000eab00000)
  object space 256512K, 99% used [0x00000000c0000000,0x00000000cfa10cc0,0x00000000cfa80000)
 Metaspace       used 61134K, committed 62592K, reserved 1114112K
  class space    used 6207K, committed 6912K, reserved 1048576K
}
Event: 14.899 GC heap before
{Heap before GC invocations=379 (full 3):
 PSYoungGen      total 3584K, used 3288K [0x00000000eab00000, 0x00000000eaf80000, 0x0000000100000000)
  eden space 2560K, 100% used [0x00000000eab00000,0x00000000ead80000,0x00000000ead80000)
  from space 1024K, 71% used [0x00000000ead80000,0x00000000eae361c0,0x00000000eae80000)
  to   space 1024K, 0% used [0x00000000eae80000,0x00000000eae80000,0x00000000eaf80000)
 ParOldGen       total 256512K, used 256067K [0x00000000c0000000, 0x00000000cfa80000, 0x00000000eab00000)
  object space 256512K, 99% used [0x00000000c0000000,0x00000000cfa10cc0,0x00000000cfa80000)
 Metaspace       used 61134K, committed 62592K, reserved 1114112K
  class space    used 6207K, committed 6912K, reserved 1048576K
}
Event: 14.901 GC heap after
{Heap after GC invocations=379 (full 3):
 PSYoungGen      total 3584K, used 647K [0x00000000eab00000, 0x00000000eaf80000, 0x0000000100000000)
  eden space 2560K, 0% used [0x00000000eab00000,0x00000000eab00000,0x00000000ead80000)
  from space 1024K, 63% used [0x00000000eae80000,0x00000000eaf21cf8,0x00000000eaf80000)
  to   space 1024K, 0% used [0x00000000ead80000,0x00000000ead80000,0x00000000eae80000)
 ParOldGen       total 257024K, used 256645K [0x00000000c0000000, 0x00000000cfb00000, 0x00000000eab00000)
  object space 257024K, 99% used [0x00000000c0000000,0x00000000cfaa1730,0x00000000cfb00000)
 Metaspace       used 61134K, committed 62592K, reserved 1114112K
  class space    used 6207K, committed 6912K, reserved 1048576K
}
Event: 14.913 GC heap before
{Heap before GC invocations=380 (full 3):
 PSYoungGen      total 3584K, used 3207K [0x00000000eab00000, 0x00000000eaf80000, 0x0000000100000000)
  eden space 2560K, 100% used [0x00000000eab00000,0x00000000ead80000,0x00000000ead80000)
  from space 1024K, 63% used [0x00000000eae80000,0x00000000eaf21cf8,0x00000000eaf80000)
  to   space 1024K, 0% used [0x00000000ead80000,0x00000000ead80000,0x00000000eae80000)
 ParOldGen       total 257024K, used 256645K [0x00000000c0000000, 0x00000000cfb00000, 0x00000000eab00000)
  object space 257024K, 99% used [0x00000000c0000000,0x00000000cfaa1730,0x00000000cfb00000)
 Metaspace       used 61134K, committed 62592K, reserved 1114112K
  class space    used 6207K, committed 6912K, reserved 1048576K
}
Event: 14.915 GC heap after
{Heap after GC invocations=380 (full 3):
 PSYoungGen      total 3584K, used 721K [0x00000000eab00000, 0x00000000eaf80000, 0x0000000100000000)
  eden space 2560K, 0% used [0x00000000eab00000,0x00000000eab00000,0x00000000ead80000)
  from space 1024K, 70% used [0x00000000ead80000,0x00000000eae347e0,0x00000000eae80000)
  to   space 1024K, 0% used [0x00000000eae80000,0x00000000eae80000,0x00000000eaf80000)
 ParOldGen       total 257536K, used 257212K [0x00000000c0000000, 0x00000000cfb80000, 0x00000000eab00000)
  object space 257536K, 99% used [0x00000000c0000000,0x00000000cfb2f1e8,0x00000000cfb80000)
 Metaspace       used 61134K, committed 62592K, reserved 1114112K
  class space    used 6207K, committed 6912K, reserved 1048576K
}
Event: 14.929 GC heap before
{Heap before GC invocations=381 (full 3):
 PSYoungGen      total 3584K, used 3281K [0x00000000eab00000, 0x00000000eaf80000, 0x0000000100000000)
  eden space 2560K, 100% used [0x00000000eab00000,0x00000000ead80000,0x00000000ead80000)
  from space 1024K, 70% used [0x00000000ead80000,0x00000000eae347e0,0x00000000eae80000)
  to   space 1024K, 0% used [0x00000000eae80000,0x00000000eae80000,0x00000000eaf80000)
 ParOldGen       total 257536K, used 257212K [0x00000000c0000000, 0x00000000cfb80000, 0x00000000eab00000)
  object space 257536K, 99% used [0x00000000c0000000,0x00000000cfb2f1e8,0x00000000cfb80000)
 Metaspace       used 61134K, committed 62592K, reserved 1114112K
  class space    used 6207K, committed 6912K, reserved 1048576K
}
Event: 14.930 GC heap after
{Heap after GC invocations=381 (full 3):
 PSYoungGen      total 3584K, used 689K [0x00000000eab00000, 0x00000000eaf80000, 0x0000000100000000)
  eden space 2560K, 0% used [0x00000000eab00000,0x00000000eab00000,0x00000000ead80000)
  from space 1024K, 67% used [0x00000000eae80000,0x00000000eaf2c4e8,0x00000000eaf80000)
  to   space 1024K, 0% used [0x00000000ead80000,0x00000000ead80000,0x00000000eae80000)
 ParOldGen       total 258048K, used 257813K [0x00000000c0000000, 0x00000000cfc00000, 0x00000000eab00000)
  object space 258048K, 99% used [0x00000000c0000000,0x00000000cfbc5758,0x00000000cfc00000)
 Metaspace       used 61134K, committed 62592K, reserved 1114112K
  class space    used 6207K, committed 6912K, reserved 1048576K
}
Event: 14.942 GC heap before
{Heap before GC invocations=382 (full 3):
 PSYoungGen      total 3584K, used 3248K [0x00000000eab00000, 0x00000000eaf80000, 0x0000000100000000)
  eden space 2560K, 99% used [0x00000000eab00000,0x00000000ead7feb0,0x00000000ead80000)
  from space 1024K, 67% used [0x00000000eae80000,0x00000000eaf2c4e8,0x00000000eaf80000)
  to   space 1024K, 0% used [0x00000000ead80000,0x00000000ead80000,0x00000000eae80000)
 ParOldGen       total 258048K, used 257813K [0x00000000c0000000, 0x00000000cfc00000, 0x00000000eab00000)
  object space 258048K, 99% used [0x00000000c0000000,0x00000000cfbc5758,0x00000000cfc00000)
 Metaspace       used 61134K, committed 62592K, reserved 1114112K
  class space    used 6207K, committed 6912K, reserved 1048576K
}
Event: 14.943 GC heap after
{Heap after GC invocations=382 (full 3):
 PSYoungGen      total 3584K, used 679K [0x00000000eab00000, 0x00000000eaf80000, 0x0000000100000000)
  eden space 2560K, 0% used [0x00000000eab00000,0x00000000eab00000,0x00000000ead80000)
  from space 1024K, 66% used [0x00000000ead80000,0x00000000eae29e78,0x00000000eae80000)
  to   space 1024K, 0% used [0x00000000eae80000,0x00000000eae80000,0x00000000eaf80000)
 ParOldGen       total 258560K, used 258414K [0x00000000c0000000, 0x00000000cfc80000, 0x00000000eab00000)
  object space 258560K, 99% used [0x00000000c0000000,0x00000000cfc5ba08,0x00000000cfc80000)
 Metaspace       used 61134K, committed 62592K, reserved 1114112K
  class space    used 6207K, committed 6912K, reserved 1048576K
}
Event: 14.960 GC heap before
{Heap before GC invocations=383 (full 3):
 PSYoungGen      total 3584K, used 3235K [0x00000000eab00000, 0x00000000eaf80000, 0x0000000100000000)
  eden space 2560K, 99% used [0x00000000eab00000,0x00000000ead7f050,0x00000000ead80000)
  from space 1024K, 66% used [0x00000000ead80000,0x00000000eae29e78,0x00000000eae80000)
  to   space 1024K, 0% used [0x00000000eae80000,0x00000000eae80000,0x00000000eaf80000)
 ParOldGen       total 258560K, used 258414K [0x00000000c0000000, 0x00000000cfc80000, 0x00000000eab00000)
  object space 258560K, 99% used [0x00000000c0000000,0x00000000cfc5ba08,0x00000000cfc80000)
 Metaspace       used 61136K, committed 62592K, reserved 1114112K
  class space    used 6207K, committed 6912K, reserved 1048576K
}
Event: 14.962 GC heap after
{Heap after GC invocations=383 (full 3):
 PSYoungGen      total 3584K, used 736K [0x00000000eab00000, 0x00000000eaf80000, 0x0000000100000000)
  eden space 2560K, 0% used [0x00000000eab00000,0x00000000eab00000,0x00000000ead80000)
  from space 1024K, 71% used [0x00000000eae80000,0x00000000eaf38000,0x00000000eaf80000)
  to   space 1024K, 0% used [0x00000000ead80000,0x00000000ead80000,0x00000000eae80000)
 ParOldGen       total 259072K, used 258987K [0x00000000c0000000, 0x00000000cfd00000, 0x00000000eab00000)
  object space 259072K, 99% used [0x00000000c0000000,0x00000000cfcead20,0x00000000cfd00000)
 Metaspace       used 61136K, committed 62592K, reserved 1114112K
  class space    used 6207K, committed 6912K, reserved 1048576K
}
Event: 14.984 GC heap before
{Heap before GC invocations=384 (full 3):
 PSYoungGen      total 3584K, used 3296K [0x00000000eab00000, 0x00000000eaf80000, 0x0000000100000000)
  eden space 2560K, 100% used [0x00000000eab00000,0x00000000ead80000,0x00000000ead80000)
  from space 1024K, 71% used [0x00000000eae80000,0x00000000eaf38000,0x00000000eaf80000)
  to   space 1024K, 0% used [0x00000000ead80000,0x00000000ead80000,0x00000000eae80000)
 ParOldGen       total 259072K, used 258987K [0x00000000c0000000, 0x00000000cfd00000, 0x00000000eab00000)
  object space 259072K, 99% used [0x00000000c0000000,0x00000000cfcead20,0x00000000cfd00000)
 Metaspace       used 61168K, committed 62656K, reserved 1114112K
  class space    used 6207K, committed 6912K, reserved 1048576K
}
Event: 14.985 GC heap after
{Heap after GC invocations=384 (full 3):
 PSYoungGen      total 3584K, used 736K [0x00000000eab00000, 0x00000000eaf80000, 0x0000000100000000)
  eden space 2560K, 0% used [0x00000000eab00000,0x00000000eab00000,0x00000000ead80000)
  from space 1024K, 71% used [0x00000000ead80000,0x00000000eae38000,0x00000000eae80000)
  to   space 1024K, 0% used [0x00000000eae80000,0x00000000eae80000,0x00000000eaf80000)
 ParOldGen       total 259584K, used 259538K [0x00000000c0000000, 0x00000000cfd80000, 0x00000000eab00000)
  object space 259584K, 99% used [0x00000000c0000000,0x00000000cfd74b18,0x00000000cfd80000)
 Metaspace       used 61168K, committed 62656K, reserved 1114112K
  class space    used 6207K, committed 6912K, reserved 1048576K
}
Event: 14.998 GC heap before
{Heap before GC invocations=385 (full 3):
 PSYoungGen      total 3584K, used 3296K [0x00000000eab00000, 0x00000000eaf80000, 0x0000000100000000)
  eden space 2560K, 100% used [0x00000000eab00000,0x00000000ead80000,0x00000000ead80000)
  from space 1024K, 71% used [0x00000000ead80000,0x00000000eae38000,0x00000000eae80000)
  to   space 1024K, 0% used [0x00000000eae80000,0x00000000eae80000,0x00000000eaf80000)
 ParOldGen       total 259584K, used 259538K [0x00000000c0000000, 0x00000000cfd80000, 0x00000000eab00000)
  object space 259584K, 99% used [0x00000000c0000000,0x00000000cfd74b18,0x00000000cfd80000)
 Metaspace       used 61177K, committed 62656K, reserved 1114112K
  class space    used 6207K, committed 6912K, reserved 1048576K
}
Event: 15.000 GC heap after
{Heap after GC invocations=385 (full 3):
 PSYoungGen      total 3584K, used 704K [0x00000000eab00000, 0x00000000eaf80000, 0x0000000100000000)
  eden space 2560K, 0% used [0x00000000eab00000,0x00000000eab00000,0x00000000ead80000)
  from space 1024K, 68% used [0x00000000eae80000,0x00000000eaf30000,0x00000000eaf80000)
  to   space 1024K, 0% used [0x00000000ead80000,0x00000000ead80000,0x00000000eae80000)
 ParOldGen       total 260096K, used 260081K [0x00000000c0000000, 0x00000000cfe00000, 0x00000000eab00000)
  object space 260096K, 99% used [0x00000000c0000000,0x00000000cfdfc680,0x00000000cfe00000)
 Metaspace       used 61177K, committed 62656K, reserved 1114112K
  class space    used 6207K, committed 6912K, reserved 1048576K
}
Event: 15.018 GC heap before
{Heap before GC invocations=386 (full 3):
 PSYoungGen      total 3584K, used 3264K [0x00000000eab00000, 0x00000000eaf80000, 0x0000000100000000)
  eden space 2560K, 100% used [0x00000000eab00000,0x00000000ead80000,0x00000000ead80000)
  from space 1024K, 68% used [0x00000000eae80000,0x00000000eaf30000,0x00000000eaf80000)
  to   space 1024K, 0% used [0x00000000ead80000,0x00000000ead80000,0x00000000eae80000)
 ParOldGen       total 260096K, used 260081K [0x00000000c0000000, 0x00000000cfe00000, 0x00000000eab00000)
  object space 260096K, 99% used [0x00000000c0000000,0x00000000cfdfc680,0x00000000cfe00000)
 Metaspace       used 61177K, committed 62656K, reserved 1114112K
  class space    used 6207K, committed 6912K, reserved 1048576K
}
Event: 15.020 GC heap after
{Heap after GC invocations=386 (full 3):
 PSYoungGen      total 3584K, used 640K [0x00000000eab00000, 0x00000000eaf80000, 0x0000000100000000)
  eden space 2560K, 0% used [0x00000000eab00000,0x00000000eab00000,0x00000000ead80000)
  from space 1024K, 62% used [0x00000000ead80000,0x00000000eae20000,0x00000000eae80000)
  to   space 1024K, 0% used [0x00000000eae80000,0x00000000eae80000,0x00000000eaf80000)
 ParOldGen       total 261120K, used 260647K [0x00000000c0000000, 0x00000000cff00000, 0x00000000eab00000)
  object space 261120K, 99% used [0x00000000c0000000,0x00000000cfe89d40,0x00000000cff00000)
 Metaspace       used 61177K, committed 62656K, reserved 1114112K
  class space    used 6207K, committed 6912K, reserved 1048576K
}

Dll operation events (10 events):
Event: 0.012 Loaded shared library c:\Users\rohan\.vscode\extensions\redhat.java-1.41.1-win32-x64\jre\21.0.6-win32-x86_64\bin\java.dll
Event: 0.084 Loaded shared library c:\Users\rohan\.vscode\extensions\redhat.java-1.41.1-win32-x64\jre\21.0.6-win32-x86_64\bin\zip.dll
Event: 0.109 Loaded shared library C:\Users\rohan\.vscode\extensions\redhat.java-1.41.1-win32-x64\jre\21.0.6-win32-x86_64\bin\instrument.dll
Event: 0.116 Loaded shared library C:\Users\rohan\.vscode\extensions\redhat.java-1.41.1-win32-x64\jre\21.0.6-win32-x86_64\bin\net.dll
Event: 0.118 Loaded shared library C:\Users\rohan\.vscode\extensions\redhat.java-1.41.1-win32-x64\jre\21.0.6-win32-x86_64\bin\nio.dll
Event: 0.121 Loaded shared library C:\Users\rohan\.vscode\extensions\redhat.java-1.41.1-win32-x64\jre\21.0.6-win32-x86_64\bin\zip.dll
Event: 0.140 Loaded shared library C:\Users\rohan\.vscode\extensions\redhat.java-1.41.1-win32-x64\jre\21.0.6-win32-x86_64\bin\jimage.dll
Event: 0.235 Loaded shared library c:\Users\rohan\.vscode\extensions\redhat.java-1.41.1-win32-x64\jre\21.0.6-win32-x86_64\bin\verify.dll
Event: 1.761 Loaded shared library C:\Users\rohan\AppData\Roaming\Code\User\globalStorage\redhat.java\1.41.1\config_win\org.eclipse.equinox.launcher\org.eclipse.equinox.launcher.win32.win32.x86_64_1.2.1300.v20250331-1702\eclipse_11911.dll
Event: 3.845 Loaded shared library C:\Users\rohan\AppData\Local\Temp\jna-108691256\jna12869976969149145398.dll

Deoptimization events (20 events):
Event: 14.735 Thread 0x000001e46df983e0 Uncommon trap: trap_request=0xffffffbe fr.pc=0x000001e41b07f42c relative=0x0000000000000b6c
Event: 14.735 Thread 0x000001e46df983e0 Uncommon trap: reason=profile_predicate action=maybe_recompile pc=0x000001e41b07f42c method=java.util.concurrent.ConcurrentHashMap.putAll(Ljava/util/Map;)V @ 28 c2
Event: 14.735 Thread 0x000001e46df983e0 DEOPT PACKING pc=0x000001e41b07f42c sp=0x000000a096bfe360
Event: 14.735 Thread 0x000001e46df983e0 DEOPT UNPACKING pc=0x000001e41a3f3aa2 sp=0x000000a096bfe310 mode 2
Event: 14.798 Thread 0x000001e46c3076e0 Uncommon trap: trap_request=0xffffff45 fr.pc=0x000001e41ae742f4 relative=0x0000000000000234
Event: 14.798 Thread 0x000001e46c3076e0 Uncommon trap: reason=unstable_if action=reinterpret pc=0x000001e41ae742f4 method=java.util.HashMap.getNode(Ljava/lang/Object;)Ljava/util/HashMap$Node; @ 57 c2
Event: 14.798 Thread 0x000001e46c3076e0 DEOPT PACKING pc=0x000001e41ae742f4 sp=0x000000a092cfd410
Event: 14.798 Thread 0x000001e46c3076e0 DEOPT UNPACKING pc=0x000001e41a3f3aa2 sp=0x000000a092cfd310 mode 2
Event: 14.798 Thread 0x000001e46c3076e0 Uncommon trap: trap_request=0xffffff45 fr.pc=0x000001e41ae67e70 relative=0x0000000000000230
Event: 14.798 Thread 0x000001e46c3076e0 Uncommon trap: reason=unstable_if action=reinterpret pc=0x000001e41ae67e70 method=java.util.HashMap.getNode(Ljava/lang/Object;)Ljava/util/HashMap$Node; @ 57 c2
Event: 14.798 Thread 0x000001e46c3076e0 DEOPT PACKING pc=0x000001e41ae67e70 sp=0x000000a092cfd390
Event: 14.798 Thread 0x000001e46c3076e0 DEOPT UNPACKING pc=0x000001e41a3f3aa2 sp=0x000000a092cfd310 mode 2
Event: 14.810 Thread 0x000001e46c3076e0 Uncommon trap: trap_request=0xffffff45 fr.pc=0x000001e41af75340 relative=0x0000000000000120
Event: 14.810 Thread 0x000001e46c3076e0 Uncommon trap: reason=unstable_if action=reinterpret pc=0x000001e41af75340 method=java.util.ArrayDeque.addFirst(Ljava/lang/Object;)V @ 42 c2
Event: 14.810 Thread 0x000001e46c3076e0 DEOPT PACKING pc=0x000001e41af75340 sp=0x000000a092cfd490
Event: 14.810 Thread 0x000001e46c3076e0 DEOPT UNPACKING pc=0x000001e41a3f3aa2 sp=0x000000a092cfd3b8 mode 2
Event: 14.810 Thread 0x000001e46c3076e0 Uncommon trap: trap_request=0xffffff45 fr.pc=0x000001e41ad9d340 relative=0x0000000000000120
Event: 14.810 Thread 0x000001e46c3076e0 Uncommon trap: reason=unstable_if action=reinterpret pc=0x000001e41ad9d340 method=java.util.ArrayDeque.addFirst(Ljava/lang/Object;)V @ 42 c2
Event: 14.810 Thread 0x000001e46c3076e0 DEOPT PACKING pc=0x000001e41ad9d340 sp=0x000000a092cfd420
Event: 14.810 Thread 0x000001e46c3076e0 DEOPT UNPACKING pc=0x000001e41a3f3aa2 sp=0x000000a092cfd3b0 mode 2

Classes loaded (20 events):
Event: 11.137 Loading class java/util/stream/Node$Builder$OfInt done
Event: 11.137 Loading class java/util/stream/Nodes$IntArrayNode
Event: 11.138 Loading class java/util/stream/Nodes$IntArrayNode done
Event: 11.138 Loading class java/util/stream/Nodes$IntFixedNodeBuilder done
Event: 11.138 Loading class java/util/stream/ReferencePipeline$4$1
Event: 11.139 Loading class java/util/stream/ReferencePipeline$4$1 done
Event: 11.499 Loading class java/util/Hashtable$ValueCollection
Event: 11.499 Loading class java/util/Hashtable$ValueCollection done
Event: 11.518 Loading class jdk/internal/math/FormattedFPDecimal
Event: 11.519 Loading class jdk/internal/math/FormattedFPDecimal done
Event: 11.520 Loading class java/util/concurrent/ConcurrentHashMap$KeySpliterator
Event: 11.521 Loading class java/util/concurrent/ConcurrentHashMap$KeySpliterator done
Event: 11.531 Loading class sun/nio/ch/ChannelOutputStream
Event: 11.532 Loading class sun/nio/ch/ChannelOutputStream done
Event: 13.037 Loading class java/util/stream/Streams$RangeIntSpliterator
Event: 13.037 Loading class java/util/stream/Streams$RangeIntSpliterator done
Event: 13.037 Loading class java/util/stream/IntPipeline$Head
Event: 13.037 Loading class java/util/stream/IntPipeline$Head done
Event: 14.362 Loading class sun/nio/cs/ISO_8859_1$Decoder
Event: 14.364 Loading class sun/nio/cs/ISO_8859_1$Decoder done

Classes unloaded (7 events):
Event: 4.801 Thread 0x000001e4651e4930 Unloading class 0x000001e425196400 'java/lang/invoke/LambdaForm$MH+0x000001e425196400'
Event: 4.801 Thread 0x000001e4651e4930 Unloading class 0x000001e425196000 'java/lang/invoke/LambdaForm$MH+0x000001e425196000'
Event: 4.801 Thread 0x000001e4651e4930 Unloading class 0x000001e425195c00 'java/lang/invoke/LambdaForm$MH+0x000001e425195c00'
Event: 4.801 Thread 0x000001e4651e4930 Unloading class 0x000001e425195800 'java/lang/invoke/LambdaForm$MH+0x000001e425195800'
Event: 4.801 Thread 0x000001e4651e4930 Unloading class 0x000001e425195400 'java/lang/invoke/LambdaForm$BMH+0x000001e425195400'
Event: 4.801 Thread 0x000001e4651e4930 Unloading class 0x000001e425195000 'java/lang/invoke/LambdaForm$DMH+0x000001e425195000'
Event: 4.801 Thread 0x000001e4651e4930 Unloading class 0x000001e425193c00 'java/lang/invoke/LambdaForm$DMH+0x000001e425193c00'

Classes redefined (0 events):
No events

Internal exceptions (20 events):
Event: 9.891 Thread 0x000001e46c3076e0 Exception <a 'java/lang/NoSuchMethodError'{0x00000000eac9e568}: 'java.lang.Object java.lang.invoke.DirectMethodHandle$Holder.invokeStatic(java.lang.Object, java.lang.Object, int, int)'> (0x00000000eac9e568) 
thrown [s\src\hotspot\share\interpreter\linkResolver.cpp, line 773]
Event: 9.891 Thread 0x000001e46c3076e0 Exception <a 'java/lang/NoSuchMethodError'{0x00000000eacb3928}: 'java.lang.Object java.lang.invoke.DirectMethodHandle$Holder.invokeSpecial(java.lang.Object, java.lang.Object, java.lang.Object, int, int)'> (0x00000000eacb3928) 
thrown [s\src\hotspot\share\interpreter\linkResolver.cpp, line 773]
Event: 10.130 Thread 0x000001e46c3076e0 Exception <a 'java/lang/NoSuchMethodError'{0x00000000eada9b30}: 'int java.lang.invoke.DirectMethodHandle$Holder.invokeSpecialIFC(java.lang.Object, java.lang.Object, java.lang.Object)'> (0x00000000eada9b30) 
thrown [s\src\hotspot\share\interpreter\linkResolver.cpp, line 773]
Event: 10.745 Thread 0x000001e46fc6cf50 Exception <a 'java/io/FileNotFoundException'{0x00000000eab01860}> (0x00000000eab01860) 
thrown [s\src\hotspot\share\prims\jni.cpp, line 520]
Event: 10.812 Thread 0x000001e46c3076e0 Implicit null exception at 0x000001e41ab9be4b to 0x000001e41ab9bfac
Event: 10.975 Thread 0x000001e46fc6cf50 Exception <a 'java/lang/IncompatibleClassChangeError'{0x00000000eab37728}: Found class java.lang.Object, but interface was expected> (0x00000000eab37728) 
thrown [s\src\hotspot\share\interpreter\linkResolver.cpp, line 840]
Event: 11.110 Thread 0x000001e46c3076e0 Exception <a 'java/io/FileNotFoundException'{0x00000000eab1c968}> (0x00000000eab1c968) 
thrown [s\src\hotspot\share\prims\jni.cpp, line 520]
Event: 11.454 Thread 0x000001e46ed0dba0 Exception <a 'java/lang/NoSuchMethodError'{0x00000000eabf26c0}: 'void java.lang.invoke.DirectMethodHandle$Holder.invokeStatic(java.lang.Object, int, java.lang.Object)'> (0x00000000eabf26c0) 
thrown [s\src\hotspot\share\interpreter\linkResolver.cpp, line 773]
Event: 11.513 Thread 0x000001e46c3076e0 Exception <a 'java/lang/NoSuchMethodError'{0x00000000eada0b90}: 'int java.lang.invoke.DirectMethodHandle$Holder.invokeSpecialIFC(java.lang.Object, java.lang.Object, java.lang.Object, java.lang.Object)'> (0x00000000eada0b90) 
thrown [s\src\hotspot\share\interpreter\linkResolver.cpp, line 773]
Event: 11.524 Thread 0x000001e46c3076e0 Exception <a 'java/lang/NoSuchMethodError'{0x00000000eacfc5f0}: 'java.lang.Object java.lang.invoke.DirectMethodHandle$Holder.newInvokeSpecial(java.lang.Object, java.lang.Object, int, int, java.lang.Object)'> (0x00000000eacfc5f0) 
thrown [s\src\hotspot\share\interpreter\linkResolver.cpp, line 773]
Event: 11.996 Thread 0x000001e46ed0dba0 Implicit null exception at 0x000001e41aebd3a3 to 0x000001e41aebd70c
Event: 11.997 Thread 0x000001e46ed0dba0 Implicit null exception at 0x000001e41ae7e523 to 0x000001e41ae7eb58
Event: 12.837 Thread 0x000001e46c3076e0 Exception <a 'sun/nio/fs/WindowsException'{0x00000000ead59a30}> (0x00000000ead59a30) 
thrown [s\src\hotspot\share\prims\jni.cpp, line 520]
Event: 12.837 Thread 0x000001e46c3076e0 Exception <a 'sun/nio/fs/WindowsException'{0x00000000ead5a220}> (0x00000000ead5a220) 
thrown [s\src\hotspot\share\prims\jni.cpp, line 520]
Event: 13.038 Thread 0x000001e46c3076e0 Exception <a 'java/lang/NoSuchMethodError'{0x00000000eacb6288}: 'void java.lang.invoke.DirectMethodHandle$Holder.invokeStatic(java.lang.Object, java.lang.Object, java.lang.Object, int)'> (0x00000000eacb6288) 
thrown [s\src\hotspot\share\interpreter\linkResolver.cpp, line 773]
Event: 13.052 Thread 0x000001e46c3076e0 Exception <a 'java/lang/NoSuchMethodError'{0x00000000eab03ae0}: 'void java.lang.invoke.DirectMethodHandle$Holder.invokeVirtual(java.lang.Object, java.lang.Object, int)'> (0x00000000eab03ae0) 
thrown [s\src\hotspot\share\interpreter\linkResolver.cpp, line 773]
Event: 14.178 Thread 0x000001e46c3076e0 Exception <a 'java/lang/NoSuchMethodError'{0x00000000eacb5d30}: 'void java.lang.invoke.DirectMethodHandle$Holder.invokeInterface(java.lang.Object, java.lang.Object)'> (0x00000000eacb5d30) 
thrown [s\src\hotspot\share\interpreter\linkResolver.cpp, line 773]
Event: 14.200 Thread 0x000001e46df9b1d0 Exception <a 'java/lang/NoSuchMethodError'{0x00000000eac64198}: 'void java.lang.invoke.DirectMethodHandle$Holder.invokeSpecial(java.lang.Object, java.lang.Object, java.lang.Object, java.lang.Object, java.lang.Object, java.lang.Object, java.lang.Object, java.lang.Object)'> (0x00000000eac64198) 
thrown [s\src\hotspot\share\interpreter\linkResolver.cpp, line 773]
Event: 14.200 Thread 0x000001e46df9ab40 Exception <a 'java/lang/NoSuchMethodError'{0x00000000eac70080}: 'void java.lang.invoke.DirectMethodHandle$Holder.invokeSpecial(java.lang.Object, java.lang.Object, java.lang.Object, java.lang.Object, java.lang.Object, java.lang.Object, java.lang.Object, java.lang.Object)'> (0x00000000eac70080) 
thrown [s\src\hotspot\share\interpreter\linkResolver.cpp, line 773]
Event: 14.200 Thread 0x000001e46df99790 Exception <a 'java/lang/NoSuchMethodError'{0x00000000eac5c388}: 'void java.lang.invoke.DirectMethodHandle$Holder.invokeSpecial(java.lang.Object, java.lang.Object, java.lang.Object, java.lang.Object, java.lang.Object, java.lang.Object, java.lang.Object, java.lang.Object)'> (0x00000000eac5c388) 
thrown [s\src\hotspot\share\interpreter\linkResolver.cpp, line 773]

ZGC Phase Switch (0 events):
No events

VM Operations (20 events):
Event: 14.876 Executing VM operation: ParallelGCFailedAllocation (Allocation Failure)
Event: 14.878 Executing VM operation: ParallelGCFailedAllocation (Allocation Failure) done
Event: 14.885 Executing VM operation: ParallelGCFailedAllocation (Allocation Failure)
Event: 14.887 Executing VM operation: ParallelGCFailedAllocation (Allocation Failure) done
Event: 14.899 Executing VM operation: ParallelGCFailedAllocation (Allocation Failure)
Event: 14.901 Executing VM operation: ParallelGCFailedAllocation (Allocation Failure) done
Event: 14.913 Executing VM operation: ParallelGCFailedAllocation (Allocation Failure)
Event: 14.915 Executing VM operation: ParallelGCFailedAllocation (Allocation Failure) done
Event: 14.929 Executing VM operation: ParallelGCFailedAllocation (Allocation Failure)
Event: 14.930 Executing VM operation: ParallelGCFailedAllocation (Allocation Failure) done
Event: 14.942 Executing VM operation: ParallelGCFailedAllocation (Allocation Failure)
Event: 14.944 Executing VM operation: ParallelGCFailedAllocation (Allocation Failure) done
Event: 14.960 Executing VM operation: ParallelGCFailedAllocation (Allocation Failure)
Event: 14.962 Executing VM operation: ParallelGCFailedAllocation (Allocation Failure) done
Event: 14.984 Executing VM operation: ParallelGCFailedAllocation (Allocation Failure)
Event: 14.985 Executing VM operation: ParallelGCFailedAllocation (Allocation Failure) done
Event: 14.998 Executing VM operation: ParallelGCFailedAllocation (Allocation Failure)
Event: 15.000 Executing VM operation: ParallelGCFailedAllocation (Allocation Failure) done
Event: 15.018 Executing VM operation: ParallelGCFailedAllocation (Allocation Failure)
Event: 15.020 Executing VM operation: ParallelGCFailedAllocation (Allocation Failure) done

Memory protections (0 events):
No events

Nmethod flushes (20 events):
Event: 12.302 Thread 0x000001e4651e4930 flushing  nmethod 0x000001e413732990
Event: 12.302 Thread 0x000001e4651e4930 flushing  nmethod 0x000001e413733a10
Event: 12.302 Thread 0x000001e4651e4930 flushing  nmethod 0x000001e413737690
Event: 12.302 Thread 0x000001e4651e4930 flushing  nmethod 0x000001e413737d90
Event: 12.302 Thread 0x000001e4651e4930 flushing  nmethod 0x000001e413738c90
Event: 12.302 Thread 0x000001e4651e4930 flushing  nmethod 0x000001e413739110
Event: 12.302 Thread 0x000001e4651e4930 flushing  nmethod 0x000001e413739690
Event: 12.302 Thread 0x000001e4651e4930 flushing  nmethod 0x000001e41373ae10
Event: 12.302 Thread 0x000001e4651e4930 flushing  nmethod 0x000001e41373e510
Event: 12.302 Thread 0x000001e4651e4930 flushing  nmethod 0x000001e413747490
Event: 12.302 Thread 0x000001e4651e4930 flushing  nmethod 0x000001e413754810
Event: 12.302 Thread 0x000001e4651e4930 flushing  nmethod 0x000001e413770310
Event: 12.302 Thread 0x000001e4651e4930 flushing  nmethod 0x000001e4137cec10
Event: 12.302 Thread 0x000001e4651e4930 flushing  nmethod 0x000001e4137d2290
Event: 12.302 Thread 0x000001e4651e4930 flushing  nmethod 0x000001e4137d7c90
Event: 12.302 Thread 0x000001e4651e4930 flushing  nmethod 0x000001e4137d8410
Event: 12.302 Thread 0x000001e4651e4930 flushing  nmethod 0x000001e4137d8790
Event: 12.302 Thread 0x000001e4651e4930 flushing  nmethod 0x000001e4137d8b10
Event: 12.302 Thread 0x000001e4651e4930 flushing  nmethod 0x000001e4137db710
Event: 12.302 Thread 0x000001e4651e4930 flushing  nmethod 0x000001e4137e4710

Events (20 events):
Event: 11.526 Thread 0x000001e46c3076e0 Thread added: 0x000001e46ed0adb0
Event: 11.541 Thread 0x000001e46c3076e0 Thread added: 0x000001e46ed0f5e0
Event: 11.542 Thread 0x000001e46c3076e0 Thread added: 0x000001e46ed10990
Event: 11.542 Thread 0x000001e46c3076e0 Thread added: 0x000001e46ed0e8c0
Event: 11.542 Thread 0x000001e46c3076e0 Thread added: 0x000001e46ed116b0
Event: 11.597 Thread 0x000001e46c3076e0 Thread added: 0x000001e46ed0fc70
Event: 11.614 Thread 0x000001e46c3076e0 Thread added: 0x000001e46ed11020
Event: 11.696 Thread 0x000001e46c3076e0 Thread added: 0x000001e46ed0ef50
Event: 11.698 Thread 0x000001e46c3076e0 Thread added: 0x000001e46ed10300
Event: 11.727 Thread 0x000001e46c3076e0 Thread added: 0x000001e46c309e40
Event: 14.195 Thread 0x000001e46c3076e0 Thread added: 0x000001e46df99790
Event: 14.196 Thread 0x000001e46c3076e0 Thread added: 0x000001e46df99100
Event: 14.197 Thread 0x000001e46c3076e0 Thread added: 0x000001e46df9ab40
Event: 14.197 Thread 0x000001e46c3076e0 Thread added: 0x000001e46df9b1d0
Event: 14.197 Thread 0x000001e46c3076e0 Thread added: 0x000001e46df983e0
Event: 14.779 Thread 0x000001e46df9ab40 Thread exited: 0x000001e46df9ab40
Event: 14.779 Thread 0x000001e46df9b1d0 Thread exited: 0x000001e46df9b1d0
Event: 14.779 Thread 0x000001e46df99790 Thread exited: 0x000001e46df99790
Event: 14.779 Thread 0x000001e46df983e0 Thread exited: 0x000001e46df983e0
Event: 14.779 Thread 0x000001e46df99100 Thread exited: 0x000001e46df99100


Dynamic libraries:
0x00007ff713480000 - 0x00007ff71348e000 	c:\Users\rohan\.vscode\extensions\redhat.java-1.41.1-win32-x64\jre\21.0.6-win32-x86_64\bin\java.exe
0x00007ff841920000 - 0x00007ff841b80000 	C:\WINDOWS\SYSTEM32\ntdll.dll
0x00007ff840a80000 - 0x00007ff840b47000 	C:\WINDOWS\System32\KERNEL32.DLL
0x00007ff83eff0000 - 0x00007ff83f3ba000 	C:\WINDOWS\System32\KERNELBASE.dll
0x00007ff83f3c0000 - 0x00007ff83f50b000 	C:\WINDOWS\System32\ucrtbase.dll
0x00007ff81f750000 - 0x00007ff81f768000 	c:\Users\rohan\.vscode\extensions\redhat.java-1.41.1-win32-x64\jre\21.0.6-win32-x86_64\bin\jli.dll
0x00007ff8237e0000 - 0x00007ff8237fe000 	c:\Users\rohan\.vscode\extensions\redhat.java-1.41.1-win32-x64\jre\21.0.6-win32-x86_64\bin\VCRUNTIME140.dll
0x00007ff83ffc0000 - 0x00007ff84018c000 	C:\WINDOWS\System32\USER32.dll
0x00007ff83f6f0000 - 0x00007ff83f717000 	C:\WINDOWS\System32\win32u.dll
0x00007ff840c40000 - 0x00007ff840c6a000 	C:\WINDOWS\System32\GDI32.dll
0x00007ff82b810000 - 0x00007ff82baa7000 	C:\WINDOWS\WinSxS\amd64_microsoft.windows.common-controls_6595b64144ccf1df_6.0.26100.3624_none_3e086962e3345f24\COMCTL32.dll
0x00007ff83eb00000 - 0x00007ff83ec31000 	C:\WINDOWS\System32\gdi32full.dll
0x00007ff83f510000 - 0x00007ff83f5b3000 	C:\WINDOWS\System32\msvcp_win.dll
0x00007ff83fef0000 - 0x00007ff83ff99000 	C:\WINDOWS\System32\msvcrt.dll
0x00007ff8417e0000 - 0x00007ff84180f000 	C:\WINDOWS\System32\IMM32.DLL
0x00007ff8332f0000 - 0x00007ff8332fc000 	c:\Users\rohan\.vscode\extensions\redhat.java-1.41.1-win32-x64\jre\21.0.6-win32-x86_64\bin\vcruntime140_1.dll
0x00007fffbcf30000 - 0x00007fffbcfbd000 	c:\Users\rohan\.vscode\extensions\redhat.java-1.41.1-win32-x64\jre\21.0.6-win32-x86_64\bin\msvcp140.dll
0x00007fff9b760000 - 0x00007fff9c4f0000 	c:\Users\rohan\.vscode\extensions\redhat.java-1.41.1-win32-x64\jre\21.0.6-win32-x86_64\bin\server\jvm.dll
0x00007ff841820000 - 0x00007ff8418d2000 	C:\WINDOWS\System32\ADVAPI32.dll
0x00007ff840d30000 - 0x00007ff840dd6000 	C:\WINDOWS\System32\sechost.dll
0x00007ff840190000 - 0x00007ff8402a6000 	C:\WINDOWS\System32\RPCRT4.dll
0x00007ff841710000 - 0x00007ff841784000 	C:\WINDOWS\System32\WS2_32.dll
0x00007ff82f360000 - 0x00007ff82f396000 	C:\WINDOWS\SYSTEM32\WINMM.dll
0x00007ff83e950000 - 0x00007ff83e9ae000 	C:\WINDOWS\SYSTEM32\POWRPROF.dll
0x00007ff8304a0000 - 0x00007ff8304ab000 	C:\WINDOWS\SYSTEM32\VERSION.dll
0x00007ff83e930000 - 0x00007ff83e944000 	C:\WINDOWS\SYSTEM32\UMPDC.dll
0x00007ff83d910000 - 0x00007ff83d92a000 	C:\WINDOWS\SYSTEM32\kernel.appcore.dll
0x00007ff830ee0000 - 0x00007ff830eea000 	c:\Users\rohan\.vscode\extensions\redhat.java-1.41.1-win32-x64\jre\21.0.6-win32-x86_64\bin\jimage.dll
0x00007ff83c2c0000 - 0x00007ff83c501000 	C:\WINDOWS\SYSTEM32\DBGHELP.DLL
0x00007ff8406f0000 - 0x00007ff840a72000 	C:\WINDOWS\System32\combase.dll
0x00007ff83f720000 - 0x00007ff83f7f6000 	C:\WINDOWS\System32\OLEAUT32.dll
0x00007fffd2f70000 - 0x00007fffd2fa9000 	C:\WINDOWS\SYSTEM32\dbgcore.DLL
0x00007ff83f5c0000 - 0x00007ff83f659000 	C:\WINDOWS\System32\bcryptPrimitives.dll
0x00007ff82ee90000 - 0x00007ff82ee9f000 	c:\Users\rohan\.vscode\extensions\redhat.java-1.41.1-win32-x64\jre\21.0.6-win32-x86_64\bin\instrument.dll
0x00007ff81aba0000 - 0x00007ff81abbf000 	c:\Users\rohan\.vscode\extensions\redhat.java-1.41.1-win32-x64\jre\21.0.6-win32-x86_64\bin\java.dll
0x00007ff840de0000 - 0x00007ff841509000 	C:\WINDOWS\System32\SHELL32.dll
0x00007ff83ec40000 - 0x00007ff83eda8000 	C:\WINDOWS\System32\wintypes.dll
0x00007ff83c7c0000 - 0x00007ff83d012000 	C:\WINDOWS\SYSTEM32\windows.storage.dll
0x00007ff841620000 - 0x00007ff84170d000 	C:\WINDOWS\System32\SHCORE.dll
0x00007ff840bd0000 - 0x00007ff840c34000 	C:\WINDOWS\System32\shlwapi.dll
0x00007ff83ea10000 - 0x00007ff83ea3f000 	C:\WINDOWS\SYSTEM32\profapi.dll
0x00007ff8049d0000 - 0x00007ff8049e8000 	c:\Users\rohan\.vscode\extensions\redhat.java-1.41.1-win32-x64\jre\21.0.6-win32-x86_64\bin\zip.dll
0x00007ff82c1f0000 - 0x00007ff82c200000 	C:\Users\rohan\.vscode\extensions\redhat.java-1.41.1-win32-x64\jre\21.0.6-win32-x86_64\bin\net.dll
0x00007ff837ff0000 - 0x00007ff83810d000 	C:\WINDOWS\SYSTEM32\WINHTTP.dll
0x00007ff83de30000 - 0x00007ff83de9a000 	C:\WINDOWS\system32\mswsock.dll
0x00007fffe0580000 - 0x00007fffe0596000 	C:\Users\rohan\.vscode\extensions\redhat.java-1.41.1-win32-x64\jre\21.0.6-win32-x86_64\bin\nio.dll
0x00007ff8293b0000 - 0x00007ff8293c0000 	c:\Users\rohan\.vscode\extensions\redhat.java-1.41.1-win32-x64\jre\21.0.6-win32-x86_64\bin\verify.dll
0x00007fffdb4d0000 - 0x00007fffdb515000 	C:\Users\rohan\AppData\Roaming\Code\User\globalStorage\redhat.java\1.41.1\config_win\org.eclipse.equinox.launcher\org.eclipse.equinox.launcher.win32.win32.x86_64_1.2.1300.v20250331-1702\eclipse_11911.dll
0x00007ff8403e0000 - 0x00007ff840576000 	C:\WINDOWS\System32\ole32.dll
0x00007ff83e0d0000 - 0x00007ff83e0ec000 	C:\WINDOWS\SYSTEM32\CRYPTSP.dll
0x00007ff83d870000 - 0x00007ff83d8aa000 	C:\WINDOWS\system32\rsaenh.dll
0x00007ff83ded0000 - 0x00007ff83defb000 	C:\WINDOWS\SYSTEM32\USERENV.dll
0x00007ff83e9e0000 - 0x00007ff83ea06000 	C:\WINDOWS\SYSTEM32\bcrypt.dll
0x00007ff83e0f0000 - 0x00007ff83e0fc000 	C:\WINDOWS\SYSTEM32\CRYPTBASE.dll
0x00007ff83d390000 - 0x00007ff83d3c3000 	C:\WINDOWS\SYSTEM32\IPHLPAPI.DLL
0x00007ff83ffb0000 - 0x00007ff83ffba000 	C:\WINDOWS\System32\NSI.dll
0x00007fffc7d90000 - 0x00007fffc7dd9000 	C:\Users\rohan\AppData\Local\Temp\jna-108691256\jna12869976969149145398.dll
0x00007ff83ffa0000 - 0x00007ff83ffa8000 	C:\WINDOWS\System32\PSAPI.DLL
0x00007ff8388f0000 - 0x00007ff83890f000 	C:\WINDOWS\SYSTEM32\dhcpcsvc6.DLL
0x00007ff838820000 - 0x00007ff838845000 	C:\WINDOWS\SYSTEM32\dhcpcsvc.DLL

dbghelp: loaded successfully - version: 4.0.5 - missing functions: none
symbol engine: initialized successfully - sym options: 0x614 - pdb path: .;c:\Users\rohan\.vscode\extensions\redhat.java-1.41.1-win32-x64\jre\21.0.6-win32-x86_64\bin;C:\WINDOWS\SYSTEM32;C:\WINDOWS\WinSxS\amd64_microsoft.windows.common-controls_6595b64144ccf1df_6.0.26100.3624_none_3e086962e3345f24;c:\Users\rohan\.vscode\extensions\redhat.java-1.41.1-win32-x64\jre\21.0.6-win32-x86_64\bin\server;C:\Users\rohan\AppData\Roaming\Code\User\globalStorage\redhat.java\1.41.1\config_win\org.eclipse.equinox.launcher\org.eclipse.equinox.launcher.win32.win32.x86_64_1.2.1300.v20250331-1702;C:\Users\rohan\AppData\Local\Temp\jna-108691256

VM Arguments:
jvm_args: --add-modules=ALL-SYSTEM --add-opens=java.base/java.util=ALL-UNNAMED --add-opens=java.base/java.lang=ALL-UNNAMED --add-opens=java.base/sun.nio.fs=ALL-UNNAMED -Declipse.application=org.eclipse.jdt.ls.core.id1 -Dosgi.bundles.defaultStartLevel=4 -Declipse.product=org.eclipse.jdt.ls.core.product -Djava.import.generatesMetadataFilesAtProjectRoot=false -DDetectVMInstallationsJob.disabled=true -Dfile.encoding=utf8 -XX:+UseParallelGC -XX:GCTimeRatio=4 -XX:AdaptiveSizePolicyWeight=90 -Dsun.zip.disableMemoryMapping=true -Xmx1G -Xms100m -Xlog:disable -javaagent:c:\Users\rohan\.vscode\extensions\redhat.java-1.41.1-win32-x64\lombok\lombok-1.18.36.jar -XX:+HeapDumpOnOutOfMemoryError -XX:HeapDumpPath=c:\Users\rohan\AppData\Roaming\Code\User\workspaceStorage\cb06cb6f73a13baed36c3337526f97d1\redhat.java -Daether.dependencyCollector.impl=bf 
java_command: c:\Users\rohan\.vscode\extensions\redhat.java-1.41.1-win32-x64\server\plugins\org.eclipse.equinox.launcher_1.7.0.v20250331-1702.jar -configuration c:\Users\rohan\AppData\Roaming\Code\User\globalStorage\redhat.java\1.41.1\config_win -data c:\Users\rohan\AppData\Roaming\Code\User\workspaceStorage\cb06cb6f73a13baed36c3337526f97d1\redhat.java\jdt_ws --pipe=\\.\pipe\lsp-4f126972128c0172335a4fdc04f32ff5-sock
java_class_path (initial): c:\Users\rohan\.vscode\extensions\redhat.java-1.41.1-win32-x64\server\plugins\org.eclipse.equinox.launcher_1.7.0.v20250331-1702.jar
Launcher Type: SUN_STANDARD

[Global flags]
    uintx AdaptiveSizePolicyWeight                 = 90                                        {product} {command line}
     intx CICompilerCount                          = 4                                         {product} {ergonomic}
    uintx GCTimeRatio                              = 4                                         {product} {command line}
     bool HeapDumpOnOutOfMemoryError               = true                                   {manageable} {command line}
    ccstr HeapDumpPath                             = c:\Users\rohan\AppData\Roaming\Code\User\workspaceStorage\cb06cb6f73a13baed36c3337526f97d1\redhat.java         {manageable} {command line}
   size_t InitialHeapSize                          = 104857600                                 {product} {command line}
   size_t MaxHeapSize                              = 1073741824                                {product} {command line}
   size_t MaxNewSize                               = 357564416                                 {product} {ergonomic}
   size_t MinHeapDeltaBytes                        = 524288                                    {product} {ergonomic}
   size_t MinHeapSize                              = 104857600                                 {product} {command line}
   size_t NewSize                                  = 34603008                                  {product} {ergonomic}
    uintx NonNMethodCodeHeapSize                   = 5839372                                {pd product} {ergonomic}
    uintx NonProfiledCodeHeapSize                  = 122909434                              {pd product} {ergonomic}
   size_t OldSize                                  = 70254592                                  {product} {ergonomic}
    uintx ProfiledCodeHeapSize                     = 122909434                              {pd product} {ergonomic}
    uintx ReservedCodeCacheSize                    = 251658240                              {pd product} {ergonomic}
     bool SegmentedCodeCache                       = true                                      {product} {ergonomic}
   size_t SoftMaxHeapSize                          = 1073741824                             {manageable} {ergonomic}
     bool UseCompressedOops                        = true                           {product lp64_product} {ergonomic}
     bool UseLargePagesIndividualAllocation        = false                                  {pd product} {ergonomic}
     bool UseParallelGC                            = true                                      {product} {command line}

Logging:
Log output configuration:
 #0: stdout all=off uptime,level,tags foldmultilines=false
 #1: stderr all=off uptime,level,tags foldmultilines=false

Environment Variables:
JAVA_HOME=C:\Users\rohan\AppData\Local\Programs\Eclipse Adoptium\jdk-17.0.7.7-hotspot\
PATH=C:\Program Files\Common Files\Oracle\Java\javapath;C:\WINDOWS\system32;C:\WINDOWS;C:\WINDOWS\System32\Wbem;C:\WINDOWS\System32\WindowsPowerShell\v1.0\;C:\WINDOWS\System32\OpenSSH\;C:\MinGW\bin;C:\Program Files\nodejs\;C:\Program Files\Git\cmd;C:\Program Files\Java\jdk-24\bin;C:\Users\rohan\Downloads\apache-maven-3.9.9\bin;C:\Program Files\MySQL\MySQL Server 8.0\bin;C:\Program Files\MySQL\MySQL Shell 8.0\bin\;C:\Users\rohan\AppData\Local\Programs\Python\Python313\Scripts\;C:\Users\rohan\AppData\Local\Programs\Python\Python313\;C:\Users\rohan\AppData\Local\Programs\Python\Launcher\;C:\Users\rohan\AppData\Local\Programs\Eclipse Adoptium\jdk-17.0.7.7-hotspot\bin;C:\Users\rohan\AppData\Local\Microsoft\WindowsApps;C:\Users\rohan\AppData\Local\Programs\Microsoft VS Code\bin;C:\Users\rohan\AppData\Roaming\npm;C:\Users\rohan\AppData\Local\GitHubDesktop\bin
USERNAME=rohan
OS=Windows_NT
PROCESSOR_IDENTIFIER=Intel64 Family 6 Model 154 Stepping 4, GenuineIntel
TMP=C:\Users\rohan\AppData\Local\Temp
TEMP=C:\Users\rohan\AppData\Local\Temp




Periodic native trim disabled

---------------  S Y S T E M  ---------------

OS:
 Windows 11 , 64 bit Build 26100 (10.0.26100.3775)
OS uptime: 8 days 0:30 hours

CPU: total 12 (initial active 12) (6 cores per cpu, 2 threads per core) family 6 model 154 stepping 4 microcode 0x41e, cx8, cmov, fxsr, ht, mmx, 3dnowpref, sse, sse2, sse3, ssse3, sse4.1, sse4.2, popcnt, lzcnt, tsc, tscinvbit, avx, avx2, aes, erms, clmul, bmi1, bmi2, adx, sha, fma, vzeroupper, clflush, clflushopt, clwb, serialize, rdtscp, rdpid, fsrm, f16c, pku, cet_ibt, cet_ss
Processor Information for processor 0
  Max Mhz: 1300, Current Mhz: 1300, Mhz Limit: 1300
Processor Information for processor 1
  Max Mhz: 1300, Current Mhz: 1300, Mhz Limit: 1300
Processor Information for processor 2
  Max Mhz: 1300, Current Mhz: 1300, Mhz Limit: 1300
Processor Information for processor 3
  Max Mhz: 1300, Current Mhz: 1300, Mhz Limit: 1300
Processor Information for processor 4
  Max Mhz: 1300, Current Mhz: 900, Mhz Limit: 897
Processor Information for processor 5
  Max Mhz: 1300, Current Mhz: 900, Mhz Limit: 897
Processor Information for processor 6
  Max Mhz: 1300, Current Mhz: 900, Mhz Limit: 897
Processor Information for processor 7
  Max Mhz: 1300, Current Mhz: 900, Mhz Limit: 897
Processor Information for processor 8
  Max Mhz: 1300, Current Mhz: 900, Mhz Limit: 897
Processor Information for processor 9
  Max Mhz: 1300, Current Mhz: 900, Mhz Limit: 897
Processor Information for processor 10
  Max Mhz: 1300, Current Mhz: 900, Mhz Limit: 897
Processor Information for processor 11
  Max Mhz: 1300, Current Mhz: 900, Mhz Limit: 897

Memory: 4k page, system-wide physical 7886M (626M free)
TotalPageFile size 16266M (AvailPageFile size 0M)
current process WorkingSet (physical memory assigned to process): 598M, peak: 598M
current process commit charge ("private bytes"): 560M, peak: 987M

vm_info: OpenJDK 64-Bit Server VM (21.0.6+7-LTS) for windows-amd64 JRE (21.0.6+7-LTS), built on 2025-01-21T00:00:00Z by "admin" with MS VC++ 17.7 (VS2022)

END.
